2024/04/14 14:21:00 [notice] 9#9: using the "epoll" event method
2024/04/14 14:21:00 [notice] 9#9: nginx/1.25.4
2024/04/14 14:21:00 [notice] 9#9: built by gcc 12.2.0 (Debian 12.2.0-14) 
2024/04/14 14:21:00 [notice] 9#9: OS: Linux 6.5.0-27-generic
2024/04/14 14:21:00 [notice] 9#9: getrlimit(RLIMIT_NOFILE): 1048576:1048576
2024/04/14 14:21:00 [notice] 9#9: start worker processes
2024/04/14 14:21:00 [notice] 9#9: start worker process 10
2024/04/14 14:21:00 [notice] 9#9: start worker process 11
2024/04/14 14:21:00 [notice] 9#9: start worker process 12
2024/04/14 14:21:00 [notice] 9#9: start worker process 13
2024/04/14 14:21:00 [notice] 9#9: start worker process 14
2024/04/14 14:21:00 [notice] 9#9: start worker process 15
2024/04/14 14:21:00 [notice] 9#9: start worker process 16
2024/04/14 14:21:00 [notice] 9#9: start worker process 17
2024/04/17 07:28:17 [emerg] 9#9: host not found in upstream "mongo-express:8081" in /etc/nginx/conf.d/default.conf:5
2024/04/17 07:28:17 [emerg] 8#8: host not found in upstream "mongo-express:8081" in /etc/nginx/conf.d/default.conf:5
2024/04/17 07:28:18 [emerg] 8#8: host not found in upstream "mongo-express:8081" in /etc/nginx/conf.d/default.conf:5
2024/04/17 07:28:20 [emerg] 7#7: host not found in upstream "webapp:8000" in /etc/nginx/conf.d/default.conf:2
2024/04/17 07:28:45 [notice] 8#8: using the "epoll" event method
2024/04/17 07:28:45 [notice] 8#8: nginx/1.25.4
2024/04/17 07:28:45 [notice] 8#8: built by gcc 12.2.0 (Debian 12.2.0-14) 
2024/04/17 07:28:45 [notice] 8#8: OS: Linux 6.5.0-27-generic
2024/04/17 07:28:45 [notice] 8#8: getrlimit(RLIMIT_NOFILE): 1048576:1048576
2024/04/17 07:28:45 [notice] 8#8: start worker processes
2024/04/17 07:28:45 [notice] 8#8: start worker process 10
2024/04/17 07:28:45 [notice] 8#8: start worker process 11
2024/04/17 07:28:45 [notice] 8#8: start worker process 12
2024/04/17 07:28:45 [notice] 8#8: start worker process 13
2024/04/17 07:28:45 [notice] 8#8: start worker process 14
2024/04/17 07:28:45 [notice] 8#8: start worker process 15
2024/04/17 07:28:45 [notice] 8#8: start worker process 16
2024/04/17 07:28:45 [notice] 8#8: start worker process 17
2024/04/17 07:29:13 [notice] 8#8: using the "epoll" event method
2024/04/17 07:29:13 [notice] 8#8: nginx/1.25.4
2024/04/17 07:29:13 [notice] 8#8: built by gcc 12.2.0 (Debian 12.2.0-14) 
2024/04/17 07:29:13 [notice] 8#8: OS: Linux 6.5.0-27-generic
2024/04/17 07:29:13 [notice] 8#8: getrlimit(RLIMIT_NOFILE): 1048576:1048576
2024/04/17 07:29:13 [notice] 8#8: start worker processes
2024/04/17 07:29:13 [notice] 8#8: start worker process 10
2024/04/17 07:29:13 [notice] 8#8: start worker process 11
2024/04/17 07:29:13 [notice] 8#8: start worker process 12
2024/04/17 07:29:13 [notice] 8#8: start worker process 13
2024/04/17 07:29:13 [notice] 8#8: start worker process 14
2024/04/17 07:29:13 [notice] 8#8: start worker process 15
2024/04/17 07:29:13 [notice] 8#8: start worker process 16
2024/04/17 07:29:13 [notice] 8#8: start worker process 17
2024/04/17 07:30:41 [notice] 7#7: using the "epoll" event method
2024/04/17 07:30:41 [notice] 7#7: nginx/1.25.4
2024/04/17 07:30:41 [notice] 7#7: built by gcc 12.2.0 (Debian 12.2.0-14) 
2024/04/17 07:30:41 [notice] 7#7: OS: Linux 6.5.0-27-generic
2024/04/17 07:30:41 [notice] 7#7: getrlimit(RLIMIT_NOFILE): 1048576:1048576
2024/04/17 07:30:41 [notice] 7#7: start worker processes
2024/04/17 07:30:41 [notice] 7#7: start worker process 9
2024/04/17 07:30:41 [notice] 7#7: start worker process 10
2024/04/17 07:30:41 [notice] 7#7: start worker process 11
2024/04/17 07:30:41 [notice] 7#7: start worker process 12
2024/04/17 07:30:41 [notice] 7#7: start worker process 13
2024/04/17 07:30:41 [notice] 7#7: start worker process 14
2024/04/17 07:30:41 [notice] 7#7: start worker process 15
2024/04/17 07:30:41 [notice] 7#7: start worker process 16
2024/04/17 07:31:06 [notice] 8#8: using the "epoll" event method
2024/04/17 07:31:06 [notice] 8#8: nginx/1.25.4
2024/04/17 07:31:06 [notice] 8#8: built by gcc 12.2.0 (Debian 12.2.0-14) 
2024/04/17 07:31:06 [notice] 8#8: OS: Linux 6.5.0-27-generic
2024/04/17 07:31:06 [notice] 8#8: getrlimit(RLIMIT_NOFILE): 1048576:1048576
2024/04/17 07:31:06 [notice] 8#8: start worker processes
2024/04/17 07:31:06 [notice] 8#8: start worker process 10
2024/04/17 07:31:06 [notice] 8#8: start worker process 11
2024/04/17 07:31:06 [notice] 8#8: start worker process 12
2024/04/17 07:31:06 [notice] 8#8: start worker process 13
2024/04/17 07:31:06 [notice] 8#8: start worker process 14
2024/04/17 07:31:06 [notice] 8#8: start worker process 15
2024/04/17 07:31:06 [notice] 8#8: start worker process 16
2024/04/17 07:31:06 [notice] 8#8: start worker process 17
2024/04/17 07:31:35 [notice] 8#8: using the "epoll" event method
2024/04/17 07:31:35 [notice] 8#8: nginx/1.25.4
2024/04/17 07:31:35 [notice] 8#8: built by gcc 12.2.0 (Debian 12.2.0-14) 
2024/04/17 07:31:35 [notice] 8#8: OS: Linux 6.5.0-27-generic
2024/04/17 07:31:35 [notice] 8#8: getrlimit(RLIMIT_NOFILE): 1048576:1048576
2024/04/17 07:31:35 [notice] 8#8: start worker processes
2024/04/17 07:31:35 [notice] 8#8: start worker process 10
2024/04/17 07:31:35 [notice] 8#8: start worker process 11
2024/04/17 07:31:35 [notice] 8#8: start worker process 12
2024/04/17 07:31:35 [notice] 8#8: start worker process 13
2024/04/17 07:31:35 [notice] 8#8: start worker process 14
2024/04/17 07:31:35 [notice] 8#8: start worker process 15
2024/04/17 07:31:35 [notice] 8#8: start worker process 16
2024/04/17 07:31:35 [notice] 8#8: start worker process 17
2024/04/17 07:32:02 [notice] 8#8: using the "epoll" event method
2024/04/17 07:32:02 [notice] 8#8: nginx/1.25.4
2024/04/17 07:32:02 [notice] 8#8: built by gcc 12.2.0 (Debian 12.2.0-14) 
2024/04/17 07:32:02 [notice] 8#8: OS: Linux 6.5.0-27-generic
2024/04/17 07:32:02 [notice] 8#8: getrlimit(RLIMIT_NOFILE): 1048576:1048576
2024/04/17 07:32:02 [notice] 8#8: start worker processes
2024/04/17 07:32:02 [notice] 8#8: start worker process 10
2024/04/17 07:32:02 [notice] 8#8: start worker process 11
2024/04/17 07:32:02 [notice] 8#8: start worker process 12
2024/04/17 07:32:02 [notice] 8#8: start worker process 13
2024/04/17 07:32:02 [notice] 8#8: start worker process 14
2024/04/17 07:32:02 [notice] 8#8: start worker process 15
2024/04/17 07:32:02 [notice] 8#8: start worker process 16
2024/04/17 07:32:02 [notice] 8#8: start worker process 17
2024/04/17 07:32:32 [error] 10#10: *1 connect() failed (111: Connection refused) while connecting to upstream, client: 192.168.1.12, server: 192.168.1.12, request: "GET /mongo/ HTTP/1.1", upstream: "http://172.20.0.6:8081/mongo/", host: "192.168.1.12"
2024/04/17 07:32:32 [error] 10#10: *1 connect() failed (111: Connection refused) while connecting to upstream, client: 192.168.1.12, server: 192.168.1.12, request: "GET /mongo/ HTTP/1.1", upstream: "http://172.20.0.6:8081/mongo/", host: "192.168.1.12"
2024/04/17 07:32:33 [error] 10#10: *1 connect() failed (111: Connection refused) while connecting to upstream, client: 192.168.1.12, server: 192.168.1.12, request: "GET /favicon.ico HTTP/1.1", upstream: "http://172.20.0.6:8081/favicon.ico", host: "192.168.1.12", referrer: "http://192.168.1.12/mongo/"
2024/04/17 07:34:17 [notice] 8#8: using the "epoll" event method
2024/04/17 07:34:17 [notice] 8#8: nginx/1.25.4
2024/04/17 07:34:17 [notice] 8#8: built by gcc 12.2.0 (Debian 12.2.0-14) 
2024/04/17 07:34:17 [notice] 8#8: OS: Linux 6.5.0-27-generic
2024/04/17 07:34:17 [notice] 8#8: getrlimit(RLIMIT_NOFILE): 1048576:1048576
2024/04/17 07:34:17 [notice] 8#8: start worker processes
2024/04/17 07:34:17 [notice] 8#8: start worker process 10
2024/04/17 07:34:17 [notice] 8#8: start worker process 11
2024/04/17 07:34:17 [notice] 8#8: start worker process 12
2024/04/17 07:34:17 [notice] 8#8: start worker process 13
2024/04/17 07:34:17 [notice] 8#8: start worker process 14
2024/04/17 07:34:17 [notice] 8#8: start worker process 15
2024/04/17 07:34:17 [notice] 8#8: start worker process 16
2024/04/17 07:34:17 [notice] 8#8: start worker process 17
2024/04/17 07:35:24 [notice] 8#8: using the "epoll" event method
2024/04/17 07:35:24 [notice] 8#8: nginx/1.25.4
2024/04/17 07:35:24 [notice] 8#8: built by gcc 12.2.0 (Debian 12.2.0-14) 
2024/04/17 07:35:24 [notice] 8#8: OS: Linux 6.5.0-27-generic
2024/04/17 07:35:24 [notice] 8#8: getrlimit(RLIMIT_NOFILE): 1048576:1048576
2024/04/17 07:35:24 [notice] 8#8: start worker processes
2024/04/17 07:35:24 [notice] 8#8: start worker process 10
2024/04/17 07:35:24 [notice] 8#8: start worker process 11
2024/04/17 07:35:24 [notice] 8#8: start worker process 12
2024/04/17 07:35:24 [notice] 8#8: start worker process 13
2024/04/17 07:35:24 [notice] 8#8: start worker process 14
2024/04/17 07:35:24 [notice] 8#8: start worker process 15
2024/04/17 07:35:24 [notice] 8#8: start worker process 16
2024/04/17 07:35:24 [notice] 8#8: start worker process 17
2024/04/17 07:51:11 [notice] 9#9: using the "epoll" event method
2024/04/17 07:51:11 [notice] 9#9: nginx/1.25.4
2024/04/17 07:51:11 [notice] 9#9: built by gcc 12.2.0 (Debian 12.2.0-14) 
2024/04/17 07:51:11 [notice] 9#9: OS: Linux 6.5.0-27-generic
2024/04/17 07:51:11 [notice] 9#9: getrlimit(RLIMIT_NOFILE): 1048576:1048576
2024/04/17 07:51:11 [notice] 9#9: start worker processes
2024/04/17 07:51:11 [notice] 9#9: start worker process 10
2024/04/17 07:51:11 [notice] 9#9: start worker process 11
2024/04/17 07:51:11 [notice] 9#9: start worker process 12
2024/04/17 07:51:11 [notice] 9#9: start worker process 13
2024/04/17 07:51:11 [notice] 9#9: start worker process 14
2024/04/17 07:51:11 [notice] 9#9: start worker process 15
2024/04/17 07:51:11 [notice] 9#9: start worker process 16
2024/04/17 07:51:11 [notice] 9#9: start worker process 17
2024/05/08 12:36:05 [notice] 9#9: using the "epoll" event method
2024/05/08 12:36:05 [notice] 9#9: nginx/1.25.4
2024/05/08 12:36:05 [notice] 9#9: built by gcc 12.2.0 (Debian 12.2.0-14) 
2024/05/08 12:36:05 [notice] 9#9: OS: Linux 6.5.0-28-generic
2024/05/08 12:36:05 [notice] 9#9: getrlimit(RLIMIT_NOFILE): 1048576:1048576
2024/05/08 12:36:05 [notice] 9#9: start worker processes
2024/05/08 12:36:05 [notice] 9#9: start worker process 10
2024/05/08 12:36:05 [notice] 9#9: start worker process 11
2024/05/08 12:36:05 [notice] 9#9: start worker process 12
2024/05/08 12:36:05 [notice] 9#9: start worker process 13
2024/05/08 12:36:05 [notice] 9#9: start worker process 14
2024/05/08 12:36:05 [notice] 9#9: start worker process 15
2024/05/08 12:36:05 [notice] 9#9: start worker process 16
2024/05/08 12:36:05 [notice] 9#9: start worker process 17
2024/05/08 12:37:26 [notice] 8#8: using the "epoll" event method
2024/05/08 12:37:26 [notice] 8#8: nginx/1.25.4
2024/05/08 12:37:26 [notice] 8#8: built by gcc 12.2.0 (Debian 12.2.0-14) 
2024/05/08 12:37:26 [notice] 8#8: OS: Linux 6.5.0-28-generic
2024/05/08 12:37:26 [notice] 8#8: getrlimit(RLIMIT_NOFILE): 1048576:1048576
2024/05/08 12:37:26 [notice] 8#8: start worker processes
2024/05/08 12:37:26 [notice] 8#8: start worker process 10
2024/05/08 12:37:26 [notice] 8#8: start worker process 11
2024/05/08 12:37:26 [notice] 8#8: start worker process 12
2024/05/08 12:37:26 [notice] 8#8: start worker process 13
2024/05/08 12:37:26 [notice] 8#8: start worker process 14
2024/05/08 12:37:26 [notice] 8#8: start worker process 15
2024/05/08 12:37:26 [notice] 8#8: start worker process 16
2024/05/08 12:37:26 [notice] 8#8: start worker process 17
2024/05/08 12:37:43 [error] 10#10: *1 connect() failed (111: Connection refused) while connecting to upstream, client: 192.168.1.12, server: 192.168.1.12, request: "GET / HTTP/1.1", upstream: "http://172.21.0.5:8081/", host: "192.168.1.12"
2024/05/08 12:37:44 [error] 10#10: *1 connect() failed (111: Connection refused) while connecting to upstream, client: 192.168.1.12, server: 192.168.1.12, request: "GET /favicon.ico HTTP/1.1", upstream: "http://172.21.0.5:8081/favicon.ico", host: "192.168.1.12", referrer: "http://192.168.1.12/"
2024/05/11 05:55:18 [notice] 9#9: using the "epoll" event method
2024/05/11 05:55:18 [notice] 9#9: nginx/1.25.4
2024/05/11 05:55:18 [notice] 9#9: built by gcc 12.2.0 (Debian 12.2.0-14) 
2024/05/11 05:55:18 [notice] 9#9: OS: Linux 6.5.0-28-generic
2024/05/11 05:55:18 [notice] 9#9: getrlimit(RLIMIT_NOFILE): 1048576:1048576
2024/05/11 05:55:18 [notice] 9#9: start worker processes
2024/05/11 05:55:18 [notice] 9#9: start worker process 10
2024/05/11 05:55:18 [notice] 9#9: start worker process 11
2024/05/11 05:55:18 [notice] 9#9: start worker process 12
2024/05/11 05:55:18 [notice] 9#9: start worker process 13
2024/05/11 05:55:18 [notice] 9#9: start worker process 14
2024/05/11 05:55:18 [notice] 9#9: start worker process 15
2024/05/11 05:55:18 [notice] 9#9: start worker process 16
2024/05/11 05:55:18 [notice] 9#9: start worker process 17
2024/05/11 05:56:23 [notice] 8#8: using the "epoll" event method
2024/05/11 05:56:23 [notice] 8#8: nginx/1.25.4
2024/05/11 05:56:23 [notice] 8#8: built by gcc 12.2.0 (Debian 12.2.0-14) 
2024/05/11 05:56:23 [notice] 8#8: OS: Linux 6.5.0-28-generic
2024/05/11 05:56:23 [notice] 8#8: getrlimit(RLIMIT_NOFILE): 1048576:1048576
2024/05/11 05:56:23 [notice] 8#8: start worker processes
2024/05/11 05:56:23 [notice] 8#8: start worker process 10
2024/05/11 05:56:23 [notice] 8#8: start worker process 11
2024/05/11 05:56:23 [notice] 8#8: start worker process 12
2024/05/11 05:56:23 [notice] 8#8: start worker process 13
2024/05/11 05:56:23 [notice] 8#8: start worker process 14
2024/05/11 05:56:23 [notice] 8#8: start worker process 15
2024/05/11 05:56:23 [notice] 8#8: start worker process 16
2024/05/11 05:56:23 [notice] 8#8: start worker process 17
2024/05/11 05:56:36 [notice] 8#8: using the "epoll" event method
2024/05/11 05:56:36 [notice] 8#8: nginx/1.25.4
2024/05/11 05:56:36 [notice] 8#8: built by gcc 12.2.0 (Debian 12.2.0-14) 
2024/05/11 05:56:36 [notice] 8#8: OS: Linux 6.5.0-28-generic
2024/05/11 05:56:36 [notice] 8#8: getrlimit(RLIMIT_NOFILE): 1048576:1048576
2024/05/11 05:56:36 [notice] 8#8: start worker processes
2024/05/11 05:56:36 [notice] 8#8: start worker process 10
2024/05/11 05:56:36 [notice] 8#8: start worker process 11
2024/05/11 05:56:36 [notice] 8#8: start worker process 12
2024/05/11 05:56:36 [notice] 8#8: start worker process 13
2024/05/11 05:56:36 [notice] 8#8: start worker process 14
2024/05/11 05:56:36 [notice] 8#8: start worker process 15
2024/05/11 05:56:36 [notice] 8#8: start worker process 16
2024/05/11 05:56:36 [notice] 8#8: start worker process 17
2024/05/11 05:57:01 [error] 10#10: *1 connect() failed (111: Connection refused) while connecting to upstream, client: 192.168.1.12, server: 192.168.1.12, request: "GET /online_store/v1/docs HTTP/1.1", upstream: "http://172.21.0.7:8000/online_store/v1/docs", host: "192.168.1.12"
2024/05/11 05:59:39 [notice] 8#8: using the "epoll" event method
2024/05/11 05:59:39 [notice] 8#8: nginx/1.25.4
2024/05/11 05:59:39 [notice] 8#8: built by gcc 12.2.0 (Debian 12.2.0-14) 
2024/05/11 05:59:39 [notice] 8#8: OS: Linux 6.5.0-28-generic
2024/05/11 05:59:39 [notice] 8#8: getrlimit(RLIMIT_NOFILE): 1048576:1048576
2024/05/11 05:59:39 [notice] 8#8: start worker processes
2024/05/11 05:59:39 [notice] 8#8: start worker process 10
2024/05/11 05:59:39 [notice] 8#8: start worker process 11
2024/05/11 05:59:39 [notice] 8#8: start worker process 12
2024/05/11 05:59:39 [notice] 8#8: start worker process 13
2024/05/11 05:59:39 [notice] 8#8: start worker process 14
2024/05/11 05:59:39 [notice] 8#8: start worker process 15
2024/05/11 05:59:39 [notice] 8#8: start worker process 16
2024/05/11 05:59:39 [notice] 8#8: start worker process 17
2024/05/11 06:03:36 [notice] 9#9: using the "epoll" event method
2024/05/11 06:03:36 [notice] 9#9: nginx/1.25.4
2024/05/11 06:03:36 [notice] 9#9: built by gcc 12.2.0 (Debian 12.2.0-14) 
2024/05/11 06:03:36 [notice] 9#9: OS: Linux 6.5.0-28-generic
2024/05/11 06:03:36 [notice] 9#9: getrlimit(RLIMIT_NOFILE): 1048576:1048576
2024/05/11 06:03:36 [notice] 9#9: start worker processes
2024/05/11 06:03:36 [notice] 9#9: start worker process 11
2024/05/11 06:03:36 [notice] 9#9: start worker process 12
2024/05/11 06:03:36 [notice] 9#9: start worker process 13
2024/05/11 06:03:36 [notice] 9#9: start worker process 14
2024/05/11 06:03:36 [notice] 9#9: start worker process 15
2024/05/11 06:03:36 [notice] 9#9: start worker process 16
2024/05/11 06:03:36 [notice] 9#9: start worker process 17
2024/05/11 06:03:36 [notice] 9#9: start worker process 18
2024/05/11 06:06:05 [notice] 8#8: using the "epoll" event method
2024/05/11 06:06:05 [notice] 8#8: nginx/1.25.4
2024/05/11 06:06:05 [notice] 8#8: built by gcc 12.2.0 (Debian 12.2.0-14) 
2024/05/11 06:06:05 [notice] 8#8: OS: Linux 6.5.0-28-generic
2024/05/11 06:06:05 [notice] 8#8: getrlimit(RLIMIT_NOFILE): 1048576:1048576
2024/05/11 06:06:05 [notice] 8#8: start worker processes
2024/05/11 06:06:05 [notice] 8#8: start worker process 10
2024/05/11 06:06:05 [notice] 8#8: start worker process 11
2024/05/11 06:06:05 [notice] 8#8: start worker process 12
2024/05/11 06:06:05 [notice] 8#8: start worker process 13
2024/05/11 06:06:05 [notice] 8#8: start worker process 14
2024/05/11 06:06:05 [notice] 8#8: start worker process 15
2024/05/11 06:06:05 [notice] 8#8: start worker process 16
2024/05/11 06:06:05 [notice] 8#8: start worker process 17
2024/05/11 06:14:11 [notice] 8#8: using the "epoll" event method
2024/05/11 06:14:11 [notice] 8#8: nginx/1.25.4
2024/05/11 06:14:11 [notice] 8#8: built by gcc 12.2.0 (Debian 12.2.0-14) 
2024/05/11 06:14:11 [notice] 8#8: OS: Linux 6.5.0-28-generic
2024/05/11 06:14:11 [notice] 8#8: getrlimit(RLIMIT_NOFILE): 1048576:1048576
2024/05/11 06:14:11 [notice] 8#8: start worker processes
2024/05/11 06:14:11 [notice] 8#8: start worker process 10
2024/05/11 06:14:11 [notice] 8#8: start worker process 11
2024/05/11 06:14:11 [notice] 8#8: start worker process 12
2024/05/11 06:14:11 [notice] 8#8: start worker process 13
2024/05/11 06:14:11 [notice] 8#8: start worker process 14
2024/05/11 06:14:11 [notice] 8#8: start worker process 15
2024/05/11 06:14:11 [notice] 8#8: start worker process 16
2024/05/11 06:14:11 [notice] 8#8: start worker process 17
2024/05/11 06:21:38 [error] 16#16: *42 connect() failed (111: Connection refused) while connecting to upstream, client: 192.168.1.12, server: 192.168.1.12, request: "GET /online_store/v1/market-global-admin?page=1&page_size=10 HTTP/1.1", upstream: "http://172.21.0.7:8000/online_store/v1/market-global-admin?page=1&page_size=10", host: "192.168.1.12", referrer: "http://192.168.1.12/online_store/v1/docs"
2024/05/11 06:21:39 [error] 16#16: *42 connect() failed (111: Connection refused) while connecting to upstream, client: 192.168.1.12, server: 192.168.1.12, request: "GET /online_store/v1/market-global-admin?page=1&page_size=10 HTTP/1.1", upstream: "http://172.21.0.7:8000/online_store/v1/market-global-admin?page=1&page_size=10", host: "192.168.1.12", referrer: "http://192.168.1.12/online_store/v1/docs"
2024/05/11 06:21:40 [error] 16#16: *42 connect() failed (111: Connection refused) while connecting to upstream, client: 192.168.1.12, server: 192.168.1.12, request: "GET /online_store/v1/market-global-admin?page=1&page_size=10 HTTP/1.1", upstream: "http://172.21.0.7:8000/online_store/v1/market-global-admin?page=1&page_size=10", host: "192.168.1.12", referrer: "http://192.168.1.12/online_store/v1/docs"
2024/05/11 06:27:49 [error] 10#10: *77 connect() failed (113: No route to host) while connecting to upstream, client: 192.168.1.12, server: 192.168.1.12, request: "GET /online_store/v1/market-global-admin?page=1&page_size=10 HTTP/1.1", upstream: "http://172.21.0.7:8000/online_store/v1/market-global-admin?page=1&page_size=10", host: "192.168.1.12", referrer: "http://192.168.1.12/online_store/v1/docs"
2024/05/11 06:27:49 [error] 10#10: *76 connect() failed (113: No route to host) while connecting to upstream, client: 192.168.1.12, server: 192.168.1.12, request: "GET /online_store/v1/docs HTTP/1.1", upstream: "http://172.21.0.7:8000/online_store/v1/docs", host: "192.168.1.12"
